# JRE version: OpenJDK Runtime Environment (8.0_76-b03) (build 1.8.0_76-release-b03)
# Java VM: OpenJDK 64-Bit Server VM (25.76-b03 mixed mode windows-amd64 compressed oops)
Heap:
 PSYoungGen      total 214016K, used 71015K [0x00000000e0000000, 0x00000000f3880000, 0x0000000100000000)
  eden space 144384K, 49% used [0x00000000e0000000,0x00000000e4559d18,0x00000000e8d00000)
  from space 69632K, 0% used [0x00000000ef480000,0x00000000ef480000,0x00000000f3880000)
  to   space 56320K, 0% used [0x00000000e8d00000,0x00000000e8d00000,0x00000000ec400000)
 ParOldGen       total 94208K, used 94175K [0x00000000a0000000, 0x00000000a5c00000, 0x00000000e0000000)
  object space 94208K, 99% used [0x00000000a0000000,0x00000000a5bf7e40,0x00000000a5c00000)
 Metaspace       used 73383K, capacity 76428K, committed 76848K, reserved 1116160K
  class space    used 9307K, capacity 9874K, committed 10032K, reserved 1048576K
GC Heap History (10 events):
Event: 3415.378 GC heap before
{Heap before GC invocations=38 (full 5):
 PSYoungGen      total 190976K, used 190972K [0x00000000e0000000, 0x00000000f0700000, 0x0000000100000000)
  eden space 144384K, 100% used [0x00000000e0000000,0x00000000e8d00000,0x00000000e8d00000)
  from space 46592K, 99% used [0x00000000ec400000,0x00000000ef17f060,0x00000000ef180000)
  to   space 56320K, 0% used [0x00000000e8d00000,0x00000000e8d00000,0x00000000ec400000)
 ParOldGen       total 94208K, used 68597K [0x00000000a0000000, 0x00000000a5c00000, 0x00000000e0000000)
  object space 94208K, 72% used [0x00000000a0000000,0x00000000a42fd778,0x00000000a5c00000)
 Metaspace       used 73337K, capacity 76400K, committed 76848K, reserved 1116160K
  class space    used 9311K, capacity 9882K, committed 10032K, reserved 1048576K
Event: 3415.622 GC heap after
Heap after GC invocations=38 (full 5):
 PSYoungGen      total 200704K, used 56303K [0x00000000e0000000, 0x00000000f3880000, 0x0000000100000000)
  eden space 144384K, 0% used [0x00000000e0000000,0x00000000e0000000,0x00000000e8d00000)
  from space 56320K, 99% used [0x00000000e8d00000,0x00000000ec3fbfd0,0x00000000ec400000)
  to   space 69632K, 0% used [0x00000000ef480000,0x00000000ef480000,0x00000000f3880000)
 ParOldGen       total 94208K, used 79486K [0x00000000a0000000, 0x00000000a5c00000, 0x00000000e0000000)
  object space 94208K, 84% used [0x00000000a0000000,0x00000000a4d9f960,0x00000000a5c00000)
 Metaspace       used 73337K, capacity 76400K, committed 76848K, reserved 1116160K
  class space    used 9311K, capacity 9882K, committed 10032K, reserved 1048576K
}
Event: 3416.595 GC heap before
{Heap before GC invocations=39 (full 5):
 PSYoungGen      total 200704K, used 200687K [0x00000000e0000000, 0x00000000f3880000, 0x0000000100000000)
  eden space 144384K, 100% used [0x00000000e0000000,0x00000000e8d00000,0x00000000e8d00000)
  from space 56320K, 99% used [0x00000000e8d00000,0x00000000ec3fbfd0,0x00000000ec400000)
  to   space 69632K, 0% used [0x00000000ef480000,0x00000000ef480000,0x00000000f3880000)
 ParOldGen       total 94208K, used 79486K [0x00000000a0000000, 0x00000000a5c00000, 0x00000000e0000000)
  object space 94208K, 84% used [0x00000000a0000000,0x00000000a4d9f960,0x00000000a5c00000)
 Metaspace       used 73348K, capacity 76400K, committed 76848K, reserved 1116160K
  class space    used 9311K, capacity 9882K, committed 10032K, reserved 1048576K
Event: 3416.951 GC heap after
Heap after GC invocations=39 (full 5):
 PSYoungGen      total 214016K, used 69631K [0x00000000e0000000, 0x00000000f3880000, 0x0000000100000000)
  eden space 144384K, 0% used [0x00000000e0000000,0x00000000e0000000,0x00000000e8d00000)
  from space 69632K, 99% used [0x00000000ef480000,0x00000000f387ff28,0x00000000f3880000)
  to   space 56320K, 0% used [0x00000000e8d00000,0x00000000e8d00000,0x00000000ec400000)
 ParOldGen       total 94208K, used 82859K [0x00000000a0000000, 0x00000000a5c00000, 0x00000000e0000000)
  object space 94208K, 87% used [0x00000000a0000000,0x00000000a50eaed0,0x00000000a5c00000)
 Metaspace       used 73348K, capacity 76400K, committed 76848K, reserved 1116160K
  class space    used 9311K, capacity 9882K, committed 10032K, reserved 1048576K
}
Event: 3416.951 GC heap before
{Heap before GC invocations=40 (full 6):
 PSYoungGen      total 214016K, used 69631K [0x00000000e0000000, 0x00000000f3880000, 0x0000000100000000)
  eden space 144384K, 0% used [0x00000000e0000000,0x00000000e0000000,0x00000000e8d00000)
  from space 69632K, 99% used [0x00000000ef480000,0x00000000f387ff28,0x00000000f3880000)
  to   space 56320K, 0% used [0x00000000e8d00000,0x00000000e8d00000,0x00000000ec400000)
 ParOldGen       total 94208K, used 82859K [0x00000000a0000000, 0x00000000a5c00000, 0x00000000e0000000)
  object space 94208K, 87% used [0x00000000a0000000,0x00000000a50eaed0,0x00000000a5c00000)
 Metaspace       used 73348K, capacity 76400K, committed 76848K, reserved 1116160K
  class space    used 9311K, capacity 9882K, committed 10032K, reserved 1048576K
Event: 3419.626 GC heap after
Heap after GC invocations=40 (full 6):
 PSYoungGen      total 214016K, used 18313K [0x00000000e0000000, 0x00000000f3880000, 0x0000000100000000)
  eden space 144384K, 0% used [0x00000000e0000000,0x00000000e0000000,0x00000000e8d00000)
  from space 69632K, 26% used [0x00000000ef480000,0x00000000f0662630,0x00000000f3880000)
  to   space 56320K, 0% used [0x00000000e8d00000,0x00000000e8d00000,0x00000000ec400000)
 ParOldGen       total 94208K, used 93870K [0x00000000a0000000, 0x00000000a5c00000, 0x00000000e0000000)
  object space 94208K, 99% used [0x00000000a0000000,0x00000000a5baba90,0x00000000a5c00000)
 Metaspace       used 73335K, capacity 76364K, committed 76848K, reserved 1116160K
  class space    used 9307K, capacity 9874K, committed 10032K, reserved 1048576K
}
Event: 3420.577 GC heap before
{Heap before GC invocations=41 (full 7):
 PSYoungGen      total 214016K, used 162697K [0x00000000e0000000, 0x00000000f3880000, 0x0000000100000000)
  eden space 144384K, 100% used [0x00000000e0000000,0x00000000e8d00000,0x00000000e8d00000)
  from space 69632K, 26% used [0x00000000ef480000,0x00000000f0662630,0x00000000f3880000)
  to   space 56320K, 0% used [0x00000000e8d00000,0x00000000e8d00000,0x00000000ec400000)
 ParOldGen       total 94208K, used 93870K [0x00000000a0000000, 0x00000000a5c00000, 0x00000000e0000000)
  object space 94208K, 99% used [0x00000000a0000000,0x00000000a5baba90,0x00000000a5c00000)
 Metaspace       used 73346K, capacity 76364K, committed 76848K, reserved 1116160K
  class space    used 9307K, capacity 9874K, committed 10032K, reserved 1048576K
Event: 3422.219 GC heap after
Heap after GC invocations=41 (full 7):
 PSYoungGen      total 214016K, used 27798K [0x00000000e0000000, 0x00000000f3880000, 0x0000000100000000)
  eden space 144384K, 19% used [0x00000000e0000000,0x00000000e1b25ad8,0x00000000e8d00000)
  from space 69632K, 0% used [0x00000000ef480000,0x00000000ef480000,0x00000000f3880000)
  to   space 56320K, 0% used [0x00000000e8d00000,0x00000000e8d00000,0x00000000ec400000)
 ParOldGen       total 94208K, used 94178K [0x00000000a0000000, 0x00000000a5c00000, 0x00000000e0000000)
  object space 94208K, 99% used [0x00000000a0000000,0x00000000a5bf8998,0x00000000a5c00000)
 Metaspace       used 73346K, capacity 76364K, committed 76848K, reserved 1116160K
  class space    used 9307K, capacity 9874K, committed 10032K, reserved 1048576K
}
Event: 3423.843 GC heap before
{Heap before GC invocations=42 (full 8):
 PSYoungGen      total 214016K, used 144384K [0x00000000e0000000, 0x00000000f3880000, 0x0000000100000000)
  eden space 144384K, 100% used [0x00000000e0000000,0x00000000e8d00000,0x00000000e8d00000)
  from space 69632K, 0% used [0x00000000ef480000,0x00000000ef480000,0x00000000f3880000)
  to   space 56320K, 0% used [0x00000000e8d00000,0x00000000e8d00000,0x00000000ec400000)
 ParOldGen       total 94208K, used 94178K [0x00000000a0000000, 0x00000000a5c00000, 0x00000000e0000000)
  object space 94208K, 99% used [0x00000000a0000000,0x00000000a5bf8998,0x00000000a5c00000)
 Metaspace       used 73378K, capacity 76428K, committed 76848K, reserved 1116160K
  class space    used 9307K, capacity 9874K, committed 10032K, reserved 1048576K
Event: 3425.137 GC heap after
Heap after GC invocations=42 (full 8):
 PSYoungGen      total 214016K, used 11675K [0x00000000e0000000, 0x00000000f3880000, 0x0000000100000000)
  eden space 144384K, 8% used [0x00000000e0000000,0x00000000e0b66d40,0x00000000e8d00000)
  from space 69632K, 0% used [0x00000000ef480000,0x00000000ef480000,0x00000000f3880000)
  to   space 56320K, 0% used [0x00000000e8d00000,0x00000000e8d00000,0x00000000ec400000)
 ParOldGen       total 94208K, used 94175K [0x00000000a0000000, 0x00000000a5c00000, 0x00000000e0000000)
  object space 94208K, 99% used [0x00000000a0000000,0x00000000a5bf7e40,0x00000000a5c00000)
 Metaspace       used 73378K, capacity 76428K, committed 76848K, reserved 1116160K
  class space    used 9307K, capacity 9874K, committed 10032K, reserved 1048576K
}

